9월 21, 2019 4:51:25 오후 org.apache.catalina.startup.VersionLoggerListener log
정보: Server version:        Apache Tomcat/7.0.96
9월 21, 2019 4:51:25 오후 org.apache.catalina.startup.VersionLoggerListener log
정보: Server built:          Jul 24 2019 13:00:10 UTC
9월 21, 2019 4:51:25 오후 org.apache.catalina.startup.VersionLoggerListener log
정보: Server number:         7.0.96.0
9월 21, 2019 4:51:26 오후 org.apache.catalina.startup.VersionLoggerListener log
정보: OS Name:               Windows 10
9월 21, 2019 4:51:26 오후 org.apache.catalina.startup.VersionLoggerListener log
정보: OS Version:            10.0
9월 21, 2019 4:51:26 오후 org.apache.catalina.startup.VersionLoggerListener log
정보: Architecture:          amd64
9월 21, 2019 4:51:26 오후 org.apache.catalina.startup.VersionLoggerListener log
정보: Java Home:             c:\jdk1.8\jre
9월 21, 2019 4:51:26 오후 org.apache.catalina.startup.VersionLoggerListener log
정보: JVM Version:           1.8.0_161-b12
9월 21, 2019 4:51:26 오후 org.apache.catalina.startup.VersionLoggerListener log
정보: JVM Vendor:            Oracle Corporation
9월 21, 2019 4:51:26 오후 org.apache.catalina.startup.VersionLoggerListener log
정보: CATALINA_BASE:         C:\javaide\server\apache-tomcat-7.0.96
9월 21, 2019 4:51:26 오후 org.apache.catalina.startup.VersionLoggerListener log
정보: CATALINA_HOME:         C:\javaide\server\apache-tomcat-7.0.96
9월 21, 2019 4:51:26 오후 org.apache.catalina.startup.VersionLoggerListener log
정보: Command line argument: -Djava.util.logging.config.file=C:\javaide\server\apache-tomcat-7.0.96\conf\logging.properties
9월 21, 2019 4:51:26 오후 org.apache.catalina.startup.VersionLoggerListener log
정보: Command line argument: -Djava.util.logging.manager=org.apache.juli.ClassLoaderLogManager
9월 21, 2019 4:51:26 오후 org.apache.catalina.startup.VersionLoggerListener log
정보: Command line argument: -Djdk.tls.ephemeralDHKeySize=2048
9월 21, 2019 4:51:26 오후 org.apache.catalina.startup.VersionLoggerListener log
정보: Command line argument: -Dignore.endorsed.dirs=
9월 21, 2019 4:51:26 오후 org.apache.catalina.startup.VersionLoggerListener log
정보: Command line argument: -Dcatalina.base=C:\javaide\server\apache-tomcat-7.0.96
9월 21, 2019 4:51:26 오후 org.apache.catalina.startup.VersionLoggerListener log
정보: Command line argument: -Dcatalina.home=C:\javaide\server\apache-tomcat-7.0.96
9월 21, 2019 4:51:26 오후 org.apache.catalina.startup.VersionLoggerListener log
정보: Command line argument: -Djava.io.tmpdir=C:\javaide\server\apache-tomcat-7.0.96\temp
9월 21, 2019 4:51:26 오후 org.apache.catalina.core.AprLifecycleListener lifecycleEvent
정보: Loaded APR based Apache Tomcat Native library 1.2.23 using APR version 1.7.0.
9월 21, 2019 4:51:26 오후 org.apache.catalina.core.AprLifecycleListener lifecycleEvent
정보: APR capabilities: IPv6 [true], sendfile [true], accept filters [false], random [true].
9월 21, 2019 4:51:26 오후 org.apache.catalina.core.AprLifecycleListener initializeSSL
정보: OpenSSL successfully initialized (OpenSSL 1.1.1c  28 May 2019)
9월 21, 2019 4:51:28 오후 org.apache.coyote.AbstractProtocol init
정보: Initializing ProtocolHandler ["http-apr-8080"]
9월 21, 2019 4:51:28 오후 org.apache.coyote.AbstractProtocol init
심각: Failed to initialize end point associated with ProtocolHandler ["http-apr-8080"]
java.lang.Exception: Socket bind failed: [730013] ¾׼¼½º ±ÇÇѿ¡ ÀÇÇØ ¼û°ÜÁø ¼ÒÄϿ¡ ¾
	at org.apache.tomcat.util.net.AprEndpoint.bind(AprEndpoint.java:497)
	at org.apache.tomcat.util.net.AbstractEndpoint.init(AbstractEndpoint.java:728)
	at org.apache.coyote.AbstractProtocol.init(AbstractProtocol.java:452)
	at org.apache.catalina.connector.Connector.initInternal(Connector.java:978)
	at org.apache.catalina.util.LifecycleBase.init(LifecycleBase.java:102)
	at org.apache.catalina.core.StandardService.initInternal(StandardService.java:560)
	at org.apache.catalina.util.LifecycleBase.init(LifecycleBase.java:102)
	at org.apache.catalina.core.StandardServer.initInternal(StandardServer.java:840)
	at org.apache.catalina.util.LifecycleBase.init(LifecycleBase.java:102)
	at org.apache.catalina.startup.Catalina.load(Catalina.java:660)
	at org.apache.catalina.startup.Catalina.load(Catalina.java:685)
	at sun.reflect.NativeMethodAccessorImpl.invoke0(Native Method)
	at sun.reflect.NativeMethodAccessorImpl.invoke(NativeMethodAccessorImpl.java:62)
	at sun.reflect.DelegatingMethodAccessorImpl.invoke(DelegatingMethodAccessorImpl.java:43)
	at java.lang.reflect.Method.invoke(Method.java:498)
	at org.apache.catalina.startup.Bootstrap.load(Bootstrap.java:253)
	at org.apache.catalina.startup.Bootstrap.main(Bootstrap.java:427)

9월 21, 2019 4:51:28 오후 org.apache.catalina.core.StandardService initInternal
심각: Failed to initialize connector [Connector[HTTP/1.1-8080]]
org.apache.catalina.LifecycleException: Failed to initialize component [Connector[HTTP/1.1-8080]]
	at org.apache.catalina.util.LifecycleBase.init(LifecycleBase.java:107)
	at org.apache.catalina.core.StandardService.initInternal(StandardService.java:560)
	at org.apache.catalina.util.LifecycleBase.init(LifecycleBase.java:102)
	at org.apache.catalina.core.StandardServer.initInternal(StandardServer.java:840)
	at org.apache.catalina.util.LifecycleBase.init(LifecycleBase.java:102)
	at org.apache.catalina.startup.Catalina.load(Catalina.java:660)
	at org.apache.catalina.startup.Catalina.load(Catalina.java:685)
	at sun.reflect.NativeMethodAccessorImpl.invoke0(Native Method)
	at sun.reflect.NativeMethodAccessorImpl.invoke(NativeMethodAccessorImpl.java:62)
	at sun.reflect.DelegatingMethodAccessorImpl.invoke(DelegatingMethodAccessorImpl.java:43)
	at java.lang.reflect.Method.invoke(Method.java:498)
	at org.apache.catalina.startup.Bootstrap.load(Bootstrap.java:253)
	at org.apache.catalina.startup.Bootstrap.main(Bootstrap.java:427)
Caused by: org.apache.catalina.LifecycleException: Protocol handler initialization failed
	at org.apache.catalina.connector.Connector.initInternal(Connector.java:980)
	at org.apache.catalina.util.LifecycleBase.init(LifecycleBase.java:102)
	... 12 more
Caused by: java.lang.Exception: Socket bind failed: [730013] ¾׼¼½º ±ÇÇѿ¡ ÀÇÇØ ¼û°ÜÁø ¼ÒÄϿ¡ ¾
	at org.apache.tomcat.util.net.AprEndpoint.bind(AprEndpoint.java:497)
	at org.apache.tomcat.util.net.AbstractEndpoint.init(AbstractEndpoint.java:728)
	at org.apache.coyote.AbstractProtocol.init(AbstractProtocol.java:452)
	at org.apache.catalina.connector.Connector.initInternal(Connector.java:978)
	... 13 more

9월 21, 2019 4:51:28 오후 org.apache.coyote.AbstractProtocol init
정보: Initializing ProtocolHandler ["ajp-apr-8009"]
9월 21, 2019 4:51:28 오후 org.apache.coyote.AbstractProtocol init
심각: Failed to initialize end point associated with ProtocolHandler ["ajp-apr-8009"]
java.lang.Exception: Socket bind failed: [730013] ¾׼¼½º ±ÇÇѿ¡ ÀÇÇØ ¼û°ÜÁø ¼ÒÄϿ¡ ¾
	at org.apache.tomcat.util.net.AprEndpoint.bind(AprEndpoint.java:497)
	at org.apache.tomcat.util.net.AbstractEndpoint.init(AbstractEndpoint.java:728)
	at org.apache.coyote.AbstractProtocol.init(AbstractProtocol.java:452)
	at org.apache.catalina.connector.Connector.initInternal(Connector.java:978)
	at org.apache.catalina.util.LifecycleBase.init(LifecycleBase.java:102)
	at org.apache.catalina.core.StandardService.initInternal(StandardService.java:560)
	at org.apache.catalina.util.LifecycleBase.init(LifecycleBase.java:102)
	at org.apache.catalina.core.StandardServer.initInternal(StandardServer.java:840)
	at org.apache.catalina.util.LifecycleBase.init(LifecycleBase.java:102)
	at org.apache.catalina.startup.Catalina.load(Catalina.java:660)
	at org.apache.catalina.startup.Catalina.load(Catalina.java:685)
	at sun.reflect.NativeMethodAccessorImpl.invoke0(Native Method)
	at sun.reflect.NativeMethodAccessorImpl.invoke(NativeMethodAccessorImpl.java:62)
	at sun.reflect.DelegatingMethodAccessorImpl.invoke(DelegatingMethodAccessorImpl.java:43)
	at java.lang.reflect.Method.invoke(Method.java:498)
	at org.apache.catalina.startup.Bootstrap.load(Bootstrap.java:253)
	at org.apache.catalina.startup.Bootstrap.main(Bootstrap.java:427)

9월 21, 2019 4:51:28 오후 org.apache.catalina.core.StandardService initInternal
심각: Failed to initialize connector [Connector[AJP/1.3-8009]]
org.apache.catalina.LifecycleException: Failed to initialize component [Connector[AJP/1.3-8009]]
	at org.apache.catalina.util.LifecycleBase.init(LifecycleBase.java:107)
	at org.apache.catalina.core.StandardService.initInternal(StandardService.java:560)
	at org.apache.catalina.util.LifecycleBase.init(LifecycleBase.java:102)
	at org.apache.catalina.core.StandardServer.initInternal(StandardServer.java:840)
	at org.apache.catalina.util.LifecycleBase.init(LifecycleBase.java:102)
	at org.apache.catalina.startup.Catalina.load(Catalina.java:660)
	at org.apache.catalina.startup.Catalina.load(Catalina.java:685)
	at sun.reflect.NativeMethodAccessorImpl.invoke0(Native Method)
	at sun.reflect.NativeMethodAccessorImpl.invoke(NativeMethodAccessorImpl.java:62)
	at sun.reflect.DelegatingMethodAccessorImpl.invoke(DelegatingMethodAccessorImpl.java:43)
	at java.lang.reflect.Method.invoke(Method.java:498)
	at org.apache.catalina.startup.Bootstrap.load(Bootstrap.java:253)
	at org.apache.catalina.startup.Bootstrap.main(Bootstrap.java:427)
Caused by: org.apache.catalina.LifecycleException: Protocol handler initialization failed
	at org.apache.catalina.connector.Connector.initInternal(Connector.java:980)
	at org.apache.catalina.util.LifecycleBase.init(LifecycleBase.java:102)
	... 12 more
Caused by: java.lang.Exception: Socket bind failed: [730013] ¾׼¼½º ±ÇÇѿ¡ ÀÇÇØ ¼û°ÜÁø ¼ÒÄϿ¡ ¾
	at org.apache.tomcat.util.net.AprEndpoint.bind(AprEndpoint.java:497)
	at org.apache.tomcat.util.net.AbstractEndpoint.init(AbstractEndpoint.java:728)
	at org.apache.coyote.AbstractProtocol.init(AbstractProtocol.java:452)
	at org.apache.catalina.connector.Connector.initInternal(Connector.java:978)
	... 13 more

9월 21, 2019 4:51:28 오후 org.apache.catalina.startup.Catalina load
정보: Initialization processed in 3599 ms
9월 21, 2019 4:51:28 오후 org.apache.catalina.core.StandardService startInternal
정보: Starting service Catalina
9월 21, 2019 4:51:28 오후 org.apache.catalina.core.StandardEngine startInternal
정보: Starting Servlet Engine: Apache Tomcat/7.0.96
9월 21, 2019 4:51:29 오후 org.apache.catalina.startup.HostConfig deployDirectory
정보: Deploying web application directory C:\javaide\server\apache-tomcat-7.0.96\webapps\docs
9월 21, 2019 4:51:30 오후 org.apache.catalina.util.SessionIdGeneratorBase createSecureRandom
경고: Creation of SecureRandom instance for session ID generation using [SHA1PRNG] took [1,255] milliseconds.
9월 21, 2019 4:51:30 오후 org.apache.catalina.startup.HostConfig deployDirectory
정보: Deployment of web application directory C:\javaide\server\apache-tomcat-7.0.96\webapps\docs has finished in 1,873 ms
9월 21, 2019 4:51:30 오후 org.apache.catalina.startup.HostConfig deployDirectory
정보: Deploying web application directory C:\javaide\server\apache-tomcat-7.0.96\webapps\examples
9월 21, 2019 4:51:31 오후 org.apache.catalina.startup.HostConfig deployDirectory
정보: Deployment of web application directory C:\javaide\server\apache-tomcat-7.0.96\webapps\examples has finished in 600 ms
9월 21, 2019 4:51:31 오후 org.apache.catalina.startup.HostConfig deployDirectory
정보: Deploying web application directory C:\javaide\server\apache-tomcat-7.0.96\webapps\host-manager
9월 21, 2019 4:51:31 오후 org.apache.catalina.startup.HostConfig deployDirectory
정보: Deployment of web application directory C:\javaide\server\apache-tomcat-7.0.96\webapps\host-manager has finished in 110 ms
9월 21, 2019 4:51:31 오후 org.apache.catalina.startup.HostConfig deployDirectory
정보: Deploying web application directory C:\javaide\server\apache-tomcat-7.0.96\webapps\manager
9월 21, 2019 4:51:31 오후 org.apache.catalina.startup.HostConfig deployDirectory
정보: Deployment of web application directory C:\javaide\server\apache-tomcat-7.0.96\webapps\manager has finished in 106 ms
9월 21, 2019 4:51:31 오후 org.apache.catalina.startup.HostConfig deployDirectory
정보: Deploying web application directory C:\javaide\server\apache-tomcat-7.0.96\webapps\ROOT
9월 21, 2019 4:51:31 오후 org.apache.catalina.startup.HostConfig deployDirectory
정보: Deployment of web application directory C:\javaide\server\apache-tomcat-7.0.96\webapps\ROOT has finished in 73 ms
9월 21, 2019 4:51:31 오후 org.apache.catalina.startup.Catalina start
정보: Server startup in 3117 ms
9월 21, 2019 4:51:31 오후 org.apache.catalina.core.StandardServer await
심각: StandardServer.await: create[localhost:8005]: 
java.net.BindException: Address already in use: JVM_Bind
	at java.net.DualStackPlainSocketImpl.bind0(Native Method)
	at java.net.DualStackPlainSocketImpl.socketBind(DualStackPlainSocketImpl.java:106)
	at java.net.AbstractPlainSocketImpl.bind(AbstractPlainSocketImpl.java:387)
	at java.net.PlainSocketImpl.bind(PlainSocketImpl.java:190)
	at java.net.ServerSocket.bind(ServerSocket.java:375)
	at java.net.ServerSocket.<init>(ServerSocket.java:237)
	at org.apache.catalina.core.StandardServer.await(StandardServer.java:444)
	at org.apache.catalina.startup.Catalina.await(Catalina.java:799)
	at org.apache.catalina.startup.Catalina.start(Catalina.java:745)
	at sun.reflect.NativeMethodAccessorImpl.invoke0(Native Method)
	at sun.reflect.NativeMethodAccessorImpl.invoke(NativeMethodAccessorImpl.java:62)
	at sun.reflect.DelegatingMethodAccessorImpl.invoke(DelegatingMethodAccessorImpl.java:43)
	at java.lang.reflect.Method.invoke(Method.java:498)
	at org.apache.catalina.startup.Bootstrap.start(Bootstrap.java:294)
	at org.apache.catalina.startup.Bootstrap.main(Bootstrap.java:428)

9월 21, 2019 4:51:31 오후 org.apache.coyote.AbstractProtocol pause
정보: Pausing ProtocolHandler ["http-apr-8080"]
9월 21, 2019 4:51:31 오후 org.apache.coyote.AbstractProtocol pause
정보: Pausing ProtocolHandler ["ajp-apr-8009"]
9월 21, 2019 4:51:31 오후 org.apache.catalina.core.StandardService stopInternal
정보: Stopping service Catalina
9월 21, 2019 4:51:31 오후 org.apache.coyote.AbstractProtocol stop
정보: Stopping ProtocolHandler ["http-apr-8080"]
9월 21, 2019 4:51:31 오후 org.apache.coyote.AbstractProtocol destroy
정보: Destroying ProtocolHandler ["http-apr-8080"]
9월 21, 2019 4:51:31 오후 org.apache.coyote.AbstractProtocol stop
정보: Stopping ProtocolHandler ["ajp-apr-8009"]
9월 21, 2019 4:51:31 오후 org.apache.coyote.AbstractProtocol destroy
정보: Destroying ProtocolHandler ["ajp-apr-8009"]
